This file contains any messages produced by compilers while
running configure, to aid debugging if configure makes a mistake.

It was created by xroar configure 1.10, which was
generated by GNU Autoconf 2.72.  Invocation command line was

  $ ./configure

## --------- ##
## Platform. ##
## --------- ##

hostname = pop-os
uname -m = x86_64
uname -r = 6.18.7-76061807-generic
uname -s = Linux
uname -v = #202601231045~1769703228~24.04~cb87b5b SMP PREEMPT_DYNAMIC Thu J

/usr/bin/uname -p = x86_64
/bin/uname -X     = unknown

/bin/arch              = x86_64
/usr/bin/arch -k       = unknown
/usr/convex/getsysinfo = unknown
/usr/bin/hostinfo      = unknown
/bin/machine           = unknown
/usr/bin/oslevel       = unknown
/bin/universe          = unknown

PATH: /usr/local/sbin/
PATH: /usr/local/bin/
PATH: /usr/sbin/
PATH: /usr/bin/
PATH: /sbin/
PATH: /bin/
PATH: /usr/games/
PATH: /usr/local/games/
PATH: /snap/bin/


## ----------- ##
## Core tests. ##
## ----------- ##

configure:3178: looking for aux files: compile ar-lib config.guess config.sub missing install-sh
configure:3191:  trying ./
configure:3220:   ./compile found
configure:3220:   ./ar-lib found
configure:3220:   ./config.guess found
configure:3220:   ./config.sub found
configure:3220:   ./missing found
configure:3202:   ./install-sh found
configure:3350: checking for a BSD-compatible install
configure:3424: result: /usr/bin/install -c
configure:3435: checking whether sleep supports fractional seconds
configure:3451: result: yes
configure:3454: checking filesystem timestamp resolution
configure:3589: result: 0.01
configure:3594: checking whether build environment is sane
configure:3635: result: yes
configure:3806: checking for a race-free mkdir -p
configure:3849: result: /usr/bin/mkdir -p
configure:3856: checking for gawk
configure:3892: result: no
configure:3856: checking for mawk
configure:3877: found /usr/bin/mawk
configure:3889: result: mawk
configure:3900: checking whether make sets $(MAKE)
configure:3924: result: yes
configure:3950: checking whether make supports nested variables
configure:3969: result: yes
configure:3983: checking xargs -n works
configure:3999: result: yes
configure:4114: checking build system type
configure:4130: result: x86_64-pc-linux-gnu
configure:4150: checking host system type
configure:4165: result: x86_64-pc-linux-gnu
configure:4200: checking whether make supports the include directive
configure:4215: make -f confmf.GNU && cat confinc.out
this is the am__doit target
configure:4218: $? = 0
configure:4237: result: yes (GNU style)
configure:4314: checking for gcc
configure:4335: found /usr/bin/gcc
configure:4347: result: gcc
configure:4706: checking for C compiler version
configure:4715: gcc --version >&5
gcc (Ubuntu 13.3.0-6ubuntu2~24.04.1) 13.3.0
Copyright (C) 2023 Free Software Foundation, Inc.
This is free software; see the source for copying conditions.  There is NO
warranty; not even for MERCHANTABILITY or FITNESS FOR A PARTICULAR PURPOSE.

configure:4726: $? = 0
configure:4715: gcc -v >&5
Using built-in specs.
COLLECT_GCC=gcc
COLLECT_LTO_WRAPPER=/usr/libexec/gcc/x86_64-linux-gnu/13/lto-wrapper
OFFLOAD_TARGET_NAMES=nvptx-none:amdgcn-amdhsa
OFFLOAD_TARGET_DEFAULT=1
Target: x86_64-linux-gnu
Configured with: ../src/configure -v --with-pkgversion='Ubuntu 13.3.0-6ubuntu2~24.04.1' --with-bugurl=file:///usr/share/doc/gcc-13/README.Bugs --enable-languages=c,ada,c++,go,d,fortran,objc,obj-c++,m2 --prefix=/usr --with-gcc-major-version-only --program-suffix=-13 --program-prefix=x86_64-linux-gnu- --enable-shared --enable-linker-build-id --libexecdir=/usr/libexec --without-included-gettext --enable-threads=posix --libdir=/usr/lib --enable-nls --enable-bootstrap --enable-clocale=gnu --enable-libstdcxx-debug --enable-libstdcxx-time=yes --with-default-libstdcxx-abi=new --enable-libstdcxx-backtrace --enable-gnu-unique-object --disable-vtable-verify --enable-plugin --enable-default-pie --with-system-zlib --enable-libphobos-checking=release --with-target-system-zlib=auto --enable-objc-gc=auto --enable-multiarch --disable-werror --enable-cet --with-arch-32=i686 --with-abi=m64 --with-multilib-list=m32,m64,mx32 --enable-multilib --with-tune=generic --enable-offload-targets=nvptx-none=/build/gcc-13-EldibY/gcc-13-13.3.0/debian/tmp-nvptx/usr,amdgcn-amdhsa=/build/gcc-13-EldibY/gcc-13-13.3.0/debian/tmp-gcn/usr --enable-offload-defaulted --without-cuda-driver --enable-checking=release --build=x86_64-linux-gnu --host=x86_64-linux-gnu --target=x86_64-linux-gnu --with-build-config=bootstrap-lto-lean --enable-link-serialization=2
Thread model: posix
Supported LTO compression algorithms: zlib zstd
gcc version 13.3.0 (Ubuntu 13.3.0-6ubuntu2~24.04.1) 
... rest of stderr output deleted ...
configure:4726: $? = 0
configure:4715: gcc -V >&5
gcc: error: unrecognized command-line option '-V'
gcc: fatal error: no input files
compilation terminated.
configure:4726: $? = 1
configure:4715: gcc -qversion >&5
gcc: error: unrecognized command-line option '-qversion'; did you mean '--version'?
gcc: fatal error: no input files
compilation terminated.
configure:4726: $? = 1
configure:4715: gcc -version >&5
gcc: error: unrecognized command-line option '-version'
gcc: fatal error: no input files
compilation terminated.
configure:4726: $? = 1
configure:4746: checking whether the C compiler works
configure:4768: gcc    conftest.c  >&5
configure:4772: $? = 0
configure:4823: result: yes
configure:4827: checking for C compiler default output file name
configure:4829: result: a.out
configure:4835: checking for suffix of executables
configure:4842: gcc -o conftest    conftest.c  >&5
configure:4846: $? = 0
configure:4870: result: 
configure:4894: checking whether we are cross compiling
configure:4902: gcc -o conftest    conftest.c  >&5
configure:4906: $? = 0
configure:4913: ./conftest
configure:4917: $? = 0
configure:4932: result: no
configure:4938: checking for suffix of object files
configure:4961: gcc -c   conftest.c >&5
configure:4965: $? = 0
configure:4989: result: o
configure:4993: checking whether the compiler supports GNU C
configure:5013: gcc -c   conftest.c >&5
configure:5013: $? = 0
configure:5025: result: yes
configure:5036: checking whether gcc accepts -g
configure:5057: gcc -c -g  conftest.c >&5
configure:5057: $? = 0
configure:5104: result: yes
configure:5124: checking for gcc option to enable C11 features
configure:5139: gcc  -c -g -O2  conftest.c >&5
configure:5139: $? = 0
configure:5158: result: none needed
configure:5282: checking whether gcc understands -c and -o together
configure:5305: gcc -c conftest.c -o conftest2.o
configure:5308: $? = 0
configure:5305: gcc -c conftest.c -o conftest2.o
configure:5308: $? = 0
configure:5321: result: yes
configure:5340: checking dependency style of gcc
configure:5453: result: gcc3
configure:5525: checking for ar
configure:5546: found /usr/bin/ar
configure:5558: result: ar
configure:5585: checking the archiver (ar) interface
configure:5602: gcc -c -g -O2  conftest.c >&5
configure:5602: $? = 0
configure:5605: ar cr libconftest.a conftest.o >&5
configure:5608: $? = 0
configure:5637: result: ar
configure:5711: checking for gcc
configure:5744: result: gcc
configure:6103: checking for C compiler version
configure:6112: gcc --version >&5
gcc (Ubuntu 13.3.0-6ubuntu2~24.04.1) 13.3.0
Copyright (C) 2023 Free Software Foundation, Inc.
This is free software; see the source for copying conditions.  There is NO
warranty; not even for MERCHANTABILITY or FITNESS FOR A PARTICULAR PURPOSE.

configure:6123: $? = 0
configure:6112: gcc -v >&5
Using built-in specs.
COLLECT_GCC=gcc
COLLECT_LTO_WRAPPER=/usr/libexec/gcc/x86_64-linux-gnu/13/lto-wrapper
OFFLOAD_TARGET_NAMES=nvptx-none:amdgcn-amdhsa
OFFLOAD_TARGET_DEFAULT=1
Target: x86_64-linux-gnu
Configured with: ../src/configure -v --with-pkgversion='Ubuntu 13.3.0-6ubuntu2~24.04.1' --with-bugurl=file:///usr/share/doc/gcc-13/README.Bugs --enable-languages=c,ada,c++,go,d,fortran,objc,obj-c++,m2 --prefix=/usr --with-gcc-major-version-only --program-suffix=-13 --program-prefix=x86_64-linux-gnu- --enable-shared --enable-linker-build-id --libexecdir=/usr/libexec --without-included-gettext --enable-threads=posix --libdir=/usr/lib --enable-nls --enable-bootstrap --enable-clocale=gnu --enable-libstdcxx-debug --enable-libstdcxx-time=yes --with-default-libstdcxx-abi=new --enable-libstdcxx-backtrace --enable-gnu-unique-object --disable-vtable-verify --enable-plugin --enable-default-pie --with-system-zlib --enable-libphobos-checking=release --with-target-system-zlib=auto --enable-objc-gc=auto --enable-multiarch --disable-werror --enable-cet --with-arch-32=i686 --with-abi=m64 --with-multilib-list=m32,m64,mx32 --enable-multilib --with-tune=generic --enable-offload-targets=nvptx-none=/build/gcc-13-EldibY/gcc-13-13.3.0/debian/tmp-nvptx/usr,amdgcn-amdhsa=/build/gcc-13-EldibY/gcc-13-13.3.0/debian/tmp-gcn/usr --enable-offload-defaulted --without-cuda-driver --enable-checking=release --build=x86_64-linux-gnu --host=x86_64-linux-gnu --target=x86_64-linux-gnu --with-build-config=bootstrap-lto-lean --enable-link-serialization=2
Thread model: posix
Supported LTO compression algorithms: zlib zstd
gcc version 13.3.0 (Ubuntu 13.3.0-6ubuntu2~24.04.1) 
... rest of stderr output deleted ...
configure:6123: $? = 0
configure:6112: gcc -V >&5
gcc: error: unrecognized command-line option '-V'
gcc: fatal error: no input files
compilation terminated.
configure:6123: $? = 1
configure:6112: gcc -qversion >&5
gcc: error: unrecognized command-line option '-qversion'; did you mean '--version'?
gcc: fatal error: no input files
compilation terminated.
configure:6123: $? = 1
configure:6112: gcc -version >&5
gcc: error: unrecognized command-line option '-version'
gcc: fatal error: no input files
compilation terminated.
configure:6123: $? = 1
configure:6127: checking whether the compiler supports GNU C
configure:6159: result: yes
configure:6170: checking whether gcc accepts -g
configure:6238: result: yes
configure:6258: checking for gcc option to enable C11 features
configure:6292: result: none needed
configure:6416: checking whether gcc understands -c and -o together
configure:6455: result: yes
configure:6474: checking dependency style of gcc
configure:6587: result: gcc3
configure:6662: checking for gcc
configure:6683: found /usr/bin/gcc
configure:6695: result: gcc
configure:6720: checking for Objective C compiler version
configure:6729: gcc --version >&5
gcc (Ubuntu 13.3.0-6ubuntu2~24.04.1) 13.3.0
Copyright (C) 2023 Free Software Foundation, Inc.
This is free software; see the source for copying conditions.  There is NO
warranty; not even for MERCHANTABILITY or FITNESS FOR A PARTICULAR PURPOSE.

configure:6740: $? = 0
configure:6729: gcc -v >&5
Using built-in specs.
COLLECT_GCC=gcc
COLLECT_LTO_WRAPPER=/usr/libexec/gcc/x86_64-linux-gnu/13/lto-wrapper
OFFLOAD_TARGET_NAMES=nvptx-none:amdgcn-amdhsa
OFFLOAD_TARGET_DEFAULT=1
Target: x86_64-linux-gnu
Configured with: ../src/configure -v --with-pkgversion='Ubuntu 13.3.0-6ubuntu2~24.04.1' --with-bugurl=file:///usr/share/doc/gcc-13/README.Bugs --enable-languages=c,ada,c++,go,d,fortran,objc,obj-c++,m2 --prefix=/usr --with-gcc-major-version-only --program-suffix=-13 --program-prefix=x86_64-linux-gnu- --enable-shared --enable-linker-build-id --libexecdir=/usr/libexec --without-included-gettext --enable-threads=posix --libdir=/usr/lib --enable-nls --enable-bootstrap --enable-clocale=gnu --enable-libstdcxx-debug --enable-libstdcxx-time=yes --with-default-libstdcxx-abi=new --enable-libstdcxx-backtrace --enable-gnu-unique-object --disable-vtable-verify --enable-plugin --enable-default-pie --with-system-zlib --enable-libphobos-checking=release --with-target-system-zlib=auto --enable-objc-gc=auto --enable-multiarch --disable-werror --enable-cet --with-arch-32=i686 --with-abi=m64 --with-multilib-list=m32,m64,mx32 --enable-multilib --with-tune=generic --enable-offload-targets=nvptx-none=/build/gcc-13-EldibY/gcc-13-13.3.0/debian/tmp-nvptx/usr,amdgcn-amdhsa=/build/gcc-13-EldibY/gcc-13-13.3.0/debian/tmp-gcn/usr --enable-offload-defaulted --without-cuda-driver --enable-checking=release --build=x86_64-linux-gnu --host=x86_64-linux-gnu --target=x86_64-linux-gnu --with-build-config=bootstrap-lto-lean --enable-link-serialization=2
Thread model: posix
Supported LTO compression algorithms: zlib zstd
gcc version 13.3.0 (Ubuntu 13.3.0-6ubuntu2~24.04.1) 
... rest of stderr output deleted ...
configure:6740: $? = 0
configure:6729: gcc -V >&5
gcc: error: unrecognized command-line option '-V'
gcc: fatal error: no input files
compilation terminated.
configure:6740: $? = 1
configure:6729: gcc -qversion >&5
gcc: error: unrecognized command-line option '-qversion'; did you mean '--version'?
gcc: fatal error: no input files
compilation terminated.
configure:6740: $? = 1
configure:6744: checking whether the compiler supports GNU Objective C
configure:6764: gcc -c   conftest.m >&5
gcc: fatal error: cannot execute 'cc1obj': execvp: No such file or directory
compilation terminated.
configure:6764: $? = 1
configure: failed program was:
| /* confdefs.h */
| #define PACKAGE_NAME "xroar"
| #define PACKAGE_TARNAME "xroar"
| #define PACKAGE_VERSION "1.10"
| #define PACKAGE_STRING "xroar 1.10"
| #define PACKAGE_BUGREPORT ""
| #define PACKAGE_URL ""
| #define PACKAGE "xroar"
| #define VERSION "1.10"
| /* end confdefs.h.  */
| 
| int
| main (void)
| {
| #ifndef __GNUC__
|        choke me
| #endif
| 
|   ;
|   return 0;
| }
configure:6776: result: no
configure:6787: checking whether gcc accepts -g
configure:6808: gcc -c -g  conftest.m >&5
gcc: fatal error: cannot execute 'cc1obj': execvp: No such file or directory
compilation terminated.
configure:6808: $? = 1
configure: failed program was:
| /* confdefs.h */
| #define PACKAGE_NAME "xroar"
| #define PACKAGE_TARNAME "xroar"
| #define PACKAGE_VERSION "1.10"
| #define PACKAGE_STRING "xroar 1.10"
| #define PACKAGE_BUGREPORT ""
| #define PACKAGE_URL ""
| #define PACKAGE "xroar"
| #define VERSION "1.10"
| /* end confdefs.h.  */
| 
| int
| main (void)
| {
| 
|   ;
|   return 0;
| }
configure:6824: gcc -c   conftest.m >&5
gcc: fatal error: cannot execute 'cc1obj': execvp: No such file or directory
compilation terminated.
configure:6824: $? = 1
configure: failed program was:
| /* confdefs.h */
| #define PACKAGE_NAME "xroar"
| #define PACKAGE_TARNAME "xroar"
| #define PACKAGE_VERSION "1.10"
| #define PACKAGE_STRING "xroar 1.10"
| #define PACKAGE_BUGREPORT ""
| #define PACKAGE_URL ""
| #define PACKAGE "xroar"
| #define VERSION "1.10"
| /* end confdefs.h.  */
| 
| int
| main (void)
| {
| 
|   ;
|   return 0;
| }
configure:6841: gcc -c -g  conftest.m >&5
gcc: fatal error: cannot execute 'cc1obj': execvp: No such file or directory
compilation terminated.
configure:6841: $? = 1
configure: failed program was:
| /* confdefs.h */
| #define PACKAGE_NAME "xroar"
| #define PACKAGE_TARNAME "xroar"
| #define PACKAGE_VERSION "1.10"
| #define PACKAGE_STRING "xroar 1.10"
| #define PACKAGE_BUGREPORT ""
| #define PACKAGE_URL ""
| #define PACKAGE "xroar"
| #define VERSION "1.10"
| /* end confdefs.h.  */
| 
| int
| main (void)
| {
| 
|   ;
|   return 0;
| }
configure:6855: result: no
configure:6880: checking dependency style of gcc
configure:6991: result: gcc3
configure:7057: checking for ranlib
configure:7078: found /usr/bin/ranlib
configure:7090: result: ranlib
configure:7114: checking for pkg-config
configure:7137: found /usr/bin/pkg-config
configure:7150: result: /usr/bin/pkg-config
configure:7166: checking for  option for large files
configure:7201: gcc -c -g -O2  conftest.c >&5
configure:7201: $? = 0
configure:7207: gcc -c -g -O2  -DFTYPE=ino_t conftest.c >&5
configure:7207: $? = 0
configure:7232: result: none needed
configure:7384: checking for windres
configure:7420: result: no
configure:7447: checking for stdio.h
configure:7447: gcc -c -g -O2  conftest.c >&5
configure:7447: $? = 0
configure:7447: result: yes
configure:7447: checking for stdlib.h
configure:7447: gcc -c -g -O2  conftest.c >&5
configure:7447: $? = 0
configure:7447: result: yes
configure:7447: checking for string.h
configure:7447: gcc -c -g -O2  conftest.c >&5
configure:7447: $? = 0
configure:7447: result: yes
configure:7447: checking for inttypes.h
configure:7447: gcc -c -g -O2  conftest.c >&5
configure:7447: $? = 0
configure:7447: result: yes
configure:7447: checking for stdint.h
configure:7447: gcc -c -g -O2  conftest.c >&5
configure:7447: $? = 0
configure:7447: result: yes
configure:7447: checking for strings.h
configure:7447: gcc -c -g -O2  conftest.c >&5
configure:7447: $? = 0
configure:7447: result: yes
configure:7447: checking for sys/stat.h
configure:7447: gcc -c -g -O2  conftest.c >&5
configure:7447: $? = 0
configure:7447: result: yes
configure:7447: checking for sys/types.h
configure:7447: gcc -c -g -O2  conftest.c >&5
configure:7447: $? = 0
configure:7447: result: yes
configure:7447: checking for unistd.h
configure:7447: gcc -c -g -O2  conftest.c >&5
configure:7447: $? = 0
configure:7447: result: yes
configure:7472: checking for endian.h
configure:7472: gcc -c -g -O2  conftest.c >&5
configure:7472: $? = 0
configure:7472: result: yes
configure:7478: checking for regex.h
configure:7478: gcc -c -g -O2  conftest.c >&5
configure:7478: $? = 0
configure:7478: result: yes
configure:7487: checking for int16_t
configure:7487: gcc -c -g -O2  conftest.c >&5
configure:7487: $? = 0
configure:7487: gcc -c -g -O2  conftest.c >&5
conftest.c: In function 'main':
conftest.c:55:12: error: size of array 'test_array' is negative
   55 | static int test_array [1 - 2 * !((int16_t) (((((int16_t) 1 << N) << N) - 1) * 2 + 1)
      |            ^~~~~~~~~~
configure:7487: $? = 1
configure: failed program was:
| /* confdefs.h */
| #define PACKAGE_NAME "xroar"
| #define PACKAGE_TARNAME "xroar"
| #define PACKAGE_VERSION "1.10"
| #define PACKAGE_STRING "xroar 1.10"
| #define PACKAGE_BUGREPORT ""
| #define PACKAGE_URL ""
| #define PACKAGE "xroar"
| #define VERSION "1.10"
| #define HAVE_STDIO_H 1
| #define HAVE_STDLIB_H 1
| #define HAVE_STRING_H 1
| #define HAVE_INTTYPES_H 1
| #define HAVE_STDINT_H 1
| #define HAVE_STRINGS_H 1
| #define HAVE_SYS_STAT_H 1
| #define HAVE_SYS_TYPES_H 1
| #define HAVE_UNISTD_H 1
| #define STDC_HEADERS 1
| #define HAVE_ENDIAN_H 1
| #define HAVE_REGEX_H 1
| /* end confdefs.h.  */
| #include <stddef.h>
| #ifdef HAVE_STDIO_H
| # include <stdio.h>
| #endif
| #ifdef HAVE_STDLIB_H
| # include <stdlib.h>
| #endif
| #ifdef HAVE_STRING_H
| # include <string.h>
| #endif
| #ifdef HAVE_INTTYPES_H
| # include <inttypes.h>
| #endif
| #ifdef HAVE_STDINT_H
| # include <stdint.h>
| #endif
| #ifdef HAVE_STRINGS_H
| # include <strings.h>
| #endif
| #ifdef HAVE_SYS_TYPES_H
| # include <sys/types.h>
| #endif
| #ifdef HAVE_SYS_STAT_H
| # include <sys/stat.h>
| #endif
| #ifdef HAVE_UNISTD_H
| # include <unistd.h>
| #endif
| 	        enum { N = 16 / 2 - 1 };
| int
| main (void)
| {
| static int test_array [1 - 2 * !((int16_t) (((((int16_t) 1 << N) << N) - 1) * 2 + 1)
| 		 < (int16_t) (((((int16_t) 1 << N) << N) - 1) * 2 + 2))];
| test_array [0] = 0;
| return test_array [0];
| 
|   ;
|   return 0;
| }
configure:7487: result: yes
configure:7496: checking for int32_t
configure:7496: gcc -c -g -O2  conftest.c >&5
configure:7496: $? = 0
configure:7496: gcc -c -g -O2  conftest.c >&5
conftest.c: In function 'main':
conftest.c:56:67: warning: integer overflow in expression of type 'int' results in '-2147483648' [-Woverflow]
   56 |                  < (int32_t) (((((int32_t) 1 << N) << N) - 1) * 2 + 2))];
      |                                                                   ^
conftest.c:55:12: error: storage size of 'test_array' isn't constant
   55 | static int test_array [1 - 2 * !((int32_t) (((((int32_t) 1 << N) << N) - 1) * 2 + 1)
      |            ^~~~~~~~~~
configure:7496: $? = 1
configure: failed program was:
| /* confdefs.h */
| #define PACKAGE_NAME "xroar"
| #define PACKAGE_TARNAME "xroar"
| #define PACKAGE_VERSION "1.10"
| #define PACKAGE_STRING "xroar 1.10"
| #define PACKAGE_BUGREPORT ""
| #define PACKAGE_URL ""
| #define PACKAGE "xroar"
| #define VERSION "1.10"
| #define HAVE_STDIO_H 1
| #define HAVE_STDLIB_H 1
| #define HAVE_STRING_H 1
| #define HAVE_INTTYPES_H 1
| #define HAVE_STDINT_H 1
| #define HAVE_STRINGS_H 1
| #define HAVE_SYS_STAT_H 1
| #define HAVE_SYS_TYPES_H 1
| #define HAVE_UNISTD_H 1
| #define STDC_HEADERS 1
| #define HAVE_ENDIAN_H 1
| #define HAVE_REGEX_H 1
| /* end confdefs.h.  */
| #include <stddef.h>
| #ifdef HAVE_STDIO_H
| # include <stdio.h>
| #endif
| #ifdef HAVE_STDLIB_H
| # include <stdlib.h>
| #endif
| #ifdef HAVE_STRING_H
| # include <string.h>
| #endif
| #ifdef HAVE_INTTYPES_H
| # include <inttypes.h>
| #endif
| #ifdef HAVE_STDINT_H
| # include <stdint.h>
| #endif
| #ifdef HAVE_STRINGS_H
| # include <strings.h>
| #endif
| #ifdef HAVE_SYS_TYPES_H
| # include <sys/types.h>
| #endif
| #ifdef HAVE_SYS_STAT_H
| # include <sys/stat.h>
| #endif
| #ifdef HAVE_UNISTD_H
| # include <unistd.h>
| #endif
| 	        enum { N = 32 / 2 - 1 };
| int
| main (void)
| {
| static int test_array [1 - 2 * !((int32_t) (((((int32_t) 1 << N) << N) - 1) * 2 + 1)
| 		 < (int32_t) (((((int32_t) 1 << N) << N) - 1) * 2 + 2))];
| test_array [0] = 0;
| return test_array [0];
| 
|   ;
|   return 0;
| }
configure:7496: result: yes
configure:7505: checking for int64_t
configure:7505: gcc -c -g -O2  conftest.c >&5
configure:7505: $? = 0
configure:7505: gcc -c -g -O2  conftest.c >&5
conftest.c: In function 'main':
conftest.c:56:67: warning: integer overflow in expression of type 'long int' results in '-9223372036854775808' [-Woverflow]
   56 |                  < (int64_t) (((((int64_t) 1 << N) << N) - 1) * 2 + 2))];
      |                                                                   ^
conftest.c:55:12: error: storage size of 'test_array' isn't constant
   55 | static int test_array [1 - 2 * !((int64_t) (((((int64_t) 1 << N) << N) - 1) * 2 + 1)
      |            ^~~~~~~~~~
configure:7505: $? = 1
configure: failed program was:
| /* confdefs.h */
| #define PACKAGE_NAME "xroar"
| #define PACKAGE_TARNAME "xroar"
| #define PACKAGE_VERSION "1.10"
| #define PACKAGE_STRING "xroar 1.10"
| #define PACKAGE_BUGREPORT ""
| #define PACKAGE_URL ""
| #define PACKAGE "xroar"
| #define VERSION "1.10"
| #define HAVE_STDIO_H 1
| #define HAVE_STDLIB_H 1
| #define HAVE_STRING_H 1
| #define HAVE_INTTYPES_H 1
| #define HAVE_STDINT_H 1
| #define HAVE_STRINGS_H 1
| #define HAVE_SYS_STAT_H 1
| #define HAVE_SYS_TYPES_H 1
| #define HAVE_UNISTD_H 1
| #define STDC_HEADERS 1
| #define HAVE_ENDIAN_H 1
| #define HAVE_REGEX_H 1
| /* end confdefs.h.  */
| #include <stddef.h>
| #ifdef HAVE_STDIO_H
| # include <stdio.h>
| #endif
| #ifdef HAVE_STDLIB_H
| # include <stdlib.h>
| #endif
| #ifdef HAVE_STRING_H
| # include <string.h>
| #endif
| #ifdef HAVE_INTTYPES_H
| # include <inttypes.h>
| #endif
| #ifdef HAVE_STDINT_H
| # include <stdint.h>
| #endif
| #ifdef HAVE_STRINGS_H
| # include <strings.h>
| #endif
| #ifdef HAVE_SYS_TYPES_H
| # include <sys/types.h>
| #endif
| #ifdef HAVE_SYS_STAT_H
| # include <sys/stat.h>
| #endif
| #ifdef HAVE_UNISTD_H
| # include <unistd.h>
| #endif
| 	        enum { N = 64 / 2 - 1 };
| int
| main (void)
| {
| static int test_array [1 - 2 * !((int64_t) (((((int64_t) 1 << N) << N) - 1) * 2 + 1)
| 		 < (int64_t) (((((int64_t) 1 << N) << N) - 1) * 2 + 2))];
| test_array [0] = 0;
| return test_array [0];
| 
|   ;
|   return 0;
| }
configure:7505: result: yes
configure:7514: checking for int8_t
configure:7514: gcc -c -g -O2  conftest.c >&5
configure:7514: $? = 0
configure:7514: gcc -c -g -O2  conftest.c >&5
conftest.c: In function 'main':
conftest.c:55:12: error: size of array 'test_array' is negative
   55 | static int test_array [1 - 2 * !((int8_t) (((((int8_t) 1 << N) << N) - 1) * 2 + 1)
      |            ^~~~~~~~~~
configure:7514: $? = 1
configure: failed program was:
| /* confdefs.h */
| #define PACKAGE_NAME "xroar"
| #define PACKAGE_TARNAME "xroar"
| #define PACKAGE_VERSION "1.10"
| #define PACKAGE_STRING "xroar 1.10"
| #define PACKAGE_BUGREPORT ""
| #define PACKAGE_URL ""
| #define PACKAGE "xroar"
| #define VERSION "1.10"
| #define HAVE_STDIO_H 1
| #define HAVE_STDLIB_H 1
| #define HAVE_STRING_H 1
| #define HAVE_INTTYPES_H 1
| #define HAVE_STDINT_H 1
| #define HAVE_STRINGS_H 1
| #define HAVE_SYS_STAT_H 1
| #define HAVE_SYS_TYPES_H 1
| #define HAVE_UNISTD_H 1
| #define STDC_HEADERS 1
| #define HAVE_ENDIAN_H 1
| #define HAVE_REGEX_H 1
| /* end confdefs.h.  */
| #include <stddef.h>
| #ifdef HAVE_STDIO_H
| # include <stdio.h>
| #endif
| #ifdef HAVE_STDLIB_H
| # include <stdlib.h>
| #endif
| #ifdef HAVE_STRING_H
| # include <string.h>
| #endif
| #ifdef HAVE_INTTYPES_H
| # include <inttypes.h>
| #endif
| #ifdef HAVE_STDINT_H
| # include <stdint.h>
| #endif
| #ifdef HAVE_STRINGS_H
| # include <strings.h>
| #endif
| #ifdef HAVE_SYS_TYPES_H
| # include <sys/types.h>
| #endif
| #ifdef HAVE_SYS_STAT_H
| # include <sys/stat.h>
| #endif
| #ifdef HAVE_UNISTD_H
| # include <unistd.h>
| #endif
| 	        enum { N = 8 / 2 - 1 };
| int
| main (void)
| {
| static int test_array [1 - 2 * !((int8_t) (((((int8_t) 1 << N) << N) - 1) * 2 + 1)
| 		 < (int8_t) (((((int8_t) 1 << N) << N) - 1) * 2 + 2))];
| test_array [0] = 0;
| return test_array [0];
| 
|   ;
|   return 0;
| }
configure:7514: result: yes
configure:7523: checking for off_t
configure:7523: gcc -c -g -O2  conftest.c >&5
configure:7523: $? = 0
configure:7523: gcc -c -g -O2  conftest.c >&5
conftest.c: In function 'main':
conftest.c:54:20: error: expected expression before ')' token
   54 | if (sizeof ((off_t)))
      |                    ^
configure:7523: $? = 1
configure: failed program was:
| /* confdefs.h */
| #define PACKAGE_NAME "xroar"
| #define PACKAGE_TARNAME "xroar"
| #define PACKAGE_VERSION "1.10"
| #define PACKAGE_STRING "xroar 1.10"
| #define PACKAGE_BUGREPORT ""
| #define PACKAGE_URL ""
| #define PACKAGE "xroar"
| #define VERSION "1.10"
| #define HAVE_STDIO_H 1
| #define HAVE_STDLIB_H 1
| #define HAVE_STRING_H 1
| #define HAVE_INTTYPES_H 1
| #define HAVE_STDINT_H 1
| #define HAVE_STRINGS_H 1
| #define HAVE_SYS_STAT_H 1
| #define HAVE_SYS_TYPES_H 1
| #define HAVE_UNISTD_H 1
| #define STDC_HEADERS 1
| #define HAVE_ENDIAN_H 1
| #define HAVE_REGEX_H 1
| /* end confdefs.h.  */
| #include <stddef.h>
| #ifdef HAVE_STDIO_H
| # include <stdio.h>
| #endif
| #ifdef HAVE_STDLIB_H
| # include <stdlib.h>
| #endif
| #ifdef HAVE_STRING_H
| # include <string.h>
| #endif
| #ifdef HAVE_INTTYPES_H
| # include <inttypes.h>
| #endif
| #ifdef HAVE_STDINT_H
| # include <stdint.h>
| #endif
| #ifdef HAVE_STRINGS_H
| # include <strings.h>
| #endif
| #ifdef HAVE_SYS_TYPES_H
| # include <sys/types.h>
| #endif
| #ifdef HAVE_SYS_STAT_H
| # include <sys/stat.h>
| #endif
| #ifdef HAVE_UNISTD_H
| # include <unistd.h>
| #endif
| int
| main (void)
| {
| if (sizeof ((off_t)))
| 	    return 0;
|   ;
|   return 0;
| }
configure:7523: result: yes
configure:7534: checking for size_t
configure:7534: gcc -c -g -O2  conftest.c >&5
configure:7534: $? = 0
configure:7534: gcc -c -g -O2  conftest.c >&5
conftest.c: In function 'main':
conftest.c:54:21: error: expected expression before ')' token
   54 | if (sizeof ((size_t)))
      |                     ^
configure:7534: $? = 1
configure: failed program was:
| /* confdefs.h */
| #define PACKAGE_NAME "xroar"
| #define PACKAGE_TARNAME "xroar"
| #define PACKAGE_VERSION "1.10"
| #define PACKAGE_STRING "xroar 1.10"
| #define PACKAGE_BUGREPORT ""
| #define PACKAGE_URL ""
| #define PACKAGE "xroar"
| #define VERSION "1.10"
| #define HAVE_STDIO_H 1
| #define HAVE_STDLIB_H 1
| #define HAVE_STRING_H 1
| #define HAVE_INTTYPES_H 1
| #define HAVE_STDINT_H 1
| #define HAVE_STRINGS_H 1
| #define HAVE_SYS_STAT_H 1
| #define HAVE_SYS_TYPES_H 1
| #define HAVE_UNISTD_H 1
| #define STDC_HEADERS 1
| #define HAVE_ENDIAN_H 1
| #define HAVE_REGEX_H 1
| /* end confdefs.h.  */
| #include <stddef.h>
| #ifdef HAVE_STDIO_H
| # include <stdio.h>
| #endif
| #ifdef HAVE_STDLIB_H
| # include <stdlib.h>
| #endif
| #ifdef HAVE_STRING_H
| # include <string.h>
| #endif
| #ifdef HAVE_INTTYPES_H
| # include <inttypes.h>
| #endif
| #ifdef HAVE_STDINT_H
| # include <stdint.h>
| #endif
| #ifdef HAVE_STRINGS_H
| # include <strings.h>
| #endif
| #ifdef HAVE_SYS_TYPES_H
| # include <sys/types.h>
| #endif
| #ifdef HAVE_SYS_STAT_H
| # include <sys/stat.h>
| #endif
| #ifdef HAVE_UNISTD_H
| # include <unistd.h>
| #endif
| int
| main (void)
| {
| if (sizeof ((size_t)))
| 	    return 0;
|   ;
|   return 0;
| }
configure:7534: result: yes
configure:7545: checking for ssize_t
configure:7545: gcc -c -g -O2  conftest.c >&5
configure:7545: $? = 0
configure:7545: gcc -c -g -O2  conftest.c >&5
conftest.c: In function 'main':
conftest.c:54:22: error: expected expression before ')' token
   54 | if (sizeof ((ssize_t)))
      |                      ^
configure:7545: $? = 1
configure: failed program was:
| /* confdefs.h */
| #define PACKAGE_NAME "xroar"
| #define PACKAGE_TARNAME "xroar"
| #define PACKAGE_VERSION "1.10"
| #define PACKAGE_STRING "xroar 1.10"
| #define PACKAGE_BUGREPORT ""
| #define PACKAGE_URL ""
| #define PACKAGE "xroar"
| #define VERSION "1.10"
| #define HAVE_STDIO_H 1
| #define HAVE_STDLIB_H 1
| #define HAVE_STRING_H 1
| #define HAVE_INTTYPES_H 1
| #define HAVE_STDINT_H 1
| #define HAVE_STRINGS_H 1
| #define HAVE_SYS_STAT_H 1
| #define HAVE_SYS_TYPES_H 1
| #define HAVE_UNISTD_H 1
| #define STDC_HEADERS 1
| #define HAVE_ENDIAN_H 1
| #define HAVE_REGEX_H 1
| /* end confdefs.h.  */
| #include <stddef.h>
| #ifdef HAVE_STDIO_H
| # include <stdio.h>
| #endif
| #ifdef HAVE_STDLIB_H
| # include <stdlib.h>
| #endif
| #ifdef HAVE_STRING_H
| # include <string.h>
| #endif
| #ifdef HAVE_INTTYPES_H
| # include <inttypes.h>
| #endif
| #ifdef HAVE_STDINT_H
| # include <stdint.h>
| #endif
| #ifdef HAVE_STRINGS_H
| # include <strings.h>
| #endif
| #ifdef HAVE_SYS_TYPES_H
| # include <sys/types.h>
| #endif
| #ifdef HAVE_SYS_STAT_H
| # include <sys/stat.h>
| #endif
| #ifdef HAVE_UNISTD_H
| # include <unistd.h>
| #endif
| int
| main (void)
| {
| if (sizeof ((ssize_t)))
| 	    return 0;
|   ;
|   return 0;
| }
configure:7545: result: yes
configure:7556: checking for uint16_t
configure:7556: gcc -c -g -O2  conftest.c >&5
configure:7556: $? = 0
configure:7556: result: yes
configure:7566: checking for uint32_t
configure:7566: gcc -c -g -O2  conftest.c >&5
configure:7566: $? = 0
configure:7566: result: yes
configure:7578: checking for uint8_t
configure:7578: gcc -c -g -O2  conftest.c >&5
configure:7578: $? = 0
configure:7578: result: yes
configure:7594: checking size of float
configure:7600: gcc -o conftest -g -O2   conftest.c  >&5
configure:7600: $? = 0
configure:7600: ./conftest
configure:7600: $? = 0
configure:7617: result: 4
configure:7629: checking size of double
configure:7635: gcc -o conftest -g -O2   conftest.c  >&5
configure:7635: $? = 0
configure:7635: ./conftest
configure:7635: $? = 0
configure:7652: result: 8
configure:7662: checking for getaddrinfo
configure:7662: gcc -o conftest -g -O2   conftest.c  >&5
configure:7662: $? = 0
configure:7662: result: yes
configure:7668: checking for popen
configure:7668: gcc -o conftest -g -O2   conftest.c  >&5
configure:7668: $? = 0
configure:7668: result: yes
configure:7674: checking for strnlen
configure:7674: gcc -o conftest -g -O2   conftest.c  >&5
conftest.c:43:6: warning: conflicting types for built-in function 'strnlen'; expected 'long unsigned int(const char *, long unsigned int)' [-Wbuiltin-declaration-mismatch]
   43 | char strnlen (void);
      |      ^~~~~~~
configure:7674: $? = 0
configure:7674: result: yes
configure:7680: checking for strsep
configure:7680: gcc -o conftest -g -O2   conftest.c  >&5
configure:7680: $? = 0
configure:7680: result: yes
configure:7690: checking for __builtin_expect
configure:7710: gcc -o conftest -g -O2   conftest.c  >&5
configure:7710: $? = 0
configure:7722: result: yes
configure:7737: checking for __builtin_parity
configure:7757: gcc -o conftest -g -O2   conftest.c  >&5
configure:7757: $? = 0
configure:7769: result: yes
configure:7784: checking for __attribute__((const))
configure:7806: gcc -o conftest -g -O2   conftest.c  >&5
configure:7806: $? = 0
configure:7824: result: yes
configure:7839: checking for __attribute__((format))
configure:7861: gcc -o conftest -g -O2   conftest.c  >&5
configure:7861: $? = 0
configure:7879: result: yes
configure:7894: checking for __attribute__((malloc))
configure:7916: gcc -o conftest -g -O2   conftest.c  >&5
configure:7916: $? = 0
configure:7934: result: yes
configure:7949: checking for __attribute__((nonnull))
configure:7971: gcc -o conftest -g -O2   conftest.c  >&5
configure:7971: $? = 0
configure:7989: result: yes
configure:8004: checking for __attribute__((noreturn))
configure:8026: gcc -o conftest -g -O2   conftest.c  >&5
configure:8026: $? = 0
configure:8044: result: yes
configure:8059: checking for __attribute__((pure))
configure:8081: gcc -o conftest -g -O2   conftest.c  >&5
configure:8081: $? = 0
configure:8099: result: yes
configure:8114: checking for __attribute__((returns_nonnull))
configure:8136: gcc -o conftest -g -O2   conftest.c  >&5
configure:8136: $? = 0
configure:8154: result: yes
configure:8169: checking for __attribute__((packed))
configure:8195: gcc -o conftest -g -O2   conftest.c  >&5
configure:8195: $? = 0
configure:8213: result: yes
configure:8231: checking how to run the C preprocessor
configure:8257: gcc -E  conftest.c
configure:8257: $? = 0
configure:8273: gcc -E  conftest.c
conftest.c:39:10: fatal error: ac_nonexistent.h: No such file or directory
   39 | #include <ac_nonexistent.h>
      |          ^~~~~~~~~~~~~~~~~~
compilation terminated.
configure:8273: $? = 1
configure: failed program was:
| /* confdefs.h */
| #define PACKAGE_NAME "xroar"
| #define PACKAGE_TARNAME "xroar"
| #define PACKAGE_VERSION "1.10"
| #define PACKAGE_STRING "xroar 1.10"
| #define PACKAGE_BUGREPORT ""
| #define PACKAGE_URL ""
| #define PACKAGE "xroar"
| #define VERSION "1.10"
| #define HAVE_STDIO_H 1
| #define HAVE_STDLIB_H 1
| #define HAVE_STRING_H 1
| #define HAVE_INTTYPES_H 1
| #define HAVE_STDINT_H 1
| #define HAVE_STRINGS_H 1
| #define HAVE_SYS_STAT_H 1
| #define HAVE_SYS_TYPES_H 1
| #define HAVE_UNISTD_H 1
| #define STDC_HEADERS 1
| #define HAVE_ENDIAN_H 1
| #define HAVE_REGEX_H 1
| #define SIZEOF_FLOAT 4
| #define SIZEOF_DOUBLE 8
| #define HAVE_GETADDRINFO 1
| #define HAVE_POPEN 1
| #define HAVE_STRNLEN 1
| #define HAVE_STRSEP 1
| #define HAVE___BUILTIN_EXPECT 1
| #define HAVE___BUILTIN_PARITY 1
| #define HAVE_FUNC_ATTRIBUTE_CONST 1
| #define HAVE_FUNC_ATTRIBUTE_FORMAT 1
| #define HAVE_FUNC_ATTRIBUTE_MALLOC 1
| #define HAVE_FUNC_ATTRIBUTE_NONNULL 1
| #define HAVE_FUNC_ATTRIBUTE_NORETURN 1
| #define HAVE_FUNC_ATTRIBUTE_PURE 1
| #define HAVE_FUNC_ATTRIBUTE_RETURNS_NONNULL 1
| #define HAVE_VAR_ATTRIBUTE_PACKED 1
| /* end confdefs.h.  */
| #include <ac_nonexistent.h>
configure:8302: result: gcc -E
configure:8316: gcc -E  conftest.c
configure:8316: $? = 0
configure:8332: gcc -E  conftest.c
conftest.c:39:10: fatal error: ac_nonexistent.h: No such file or directory
   39 | #include <ac_nonexistent.h>
      |          ^~~~~~~~~~~~~~~~~~
compilation terminated.
configure:8332: $? = 1
configure: failed program was:
| /* confdefs.h */
| #define PACKAGE_NAME "xroar"
| #define PACKAGE_TARNAME "xroar"
| #define PACKAGE_VERSION "1.10"
| #define PACKAGE_STRING "xroar 1.10"
| #define PACKAGE_BUGREPORT ""
| #define PACKAGE_URL ""
| #define PACKAGE "xroar"
| #define VERSION "1.10"
| #define HAVE_STDIO_H 1
| #define HAVE_STDLIB_H 1
| #define HAVE_STRING_H 1
| #define HAVE_INTTYPES_H 1
| #define HAVE_STDINT_H 1
| #define HAVE_STRINGS_H 1
| #define HAVE_SYS_STAT_H 1
| #define HAVE_SYS_TYPES_H 1
| #define HAVE_UNISTD_H 1
| #define STDC_HEADERS 1
| #define HAVE_ENDIAN_H 1
| #define HAVE_REGEX_H 1
| #define SIZEOF_FLOAT 4
| #define SIZEOF_DOUBLE 8
| #define HAVE_GETADDRINFO 1
| #define HAVE_POPEN 1
| #define HAVE_STRNLEN 1
| #define HAVE_STRSEP 1
| #define HAVE___BUILTIN_EXPECT 1
| #define HAVE___BUILTIN_PARITY 1
| #define HAVE_FUNC_ATTRIBUTE_CONST 1
| #define HAVE_FUNC_ATTRIBUTE_FORMAT 1
| #define HAVE_FUNC_ATTRIBUTE_MALLOC 1
| #define HAVE_FUNC_ATTRIBUTE_NONNULL 1
| #define HAVE_FUNC_ATTRIBUTE_NORETURN 1
| #define HAVE_FUNC_ATTRIBUTE_PURE 1
| #define HAVE_FUNC_ATTRIBUTE_RETURNS_NONNULL 1
| #define HAVE_VAR_ATTRIBUTE_PACKED 1
| /* end confdefs.h.  */
| #include <ac_nonexistent.h>
configure:8365: checking for X
configure:8403: gcc -o conftest -g -O2   conftest.c -lX11  >&5
configure:8403: $? = 0
configure:8593: result: libraries , headers 
configure:8699: gcc -o conftest -g -O2   conftest.c   -lX11 >&5
configure:8699: $? = 0
configure:8815: checking for gethostbyname
configure:8815: gcc -o conftest -g -O2   conftest.c  >&5
configure:8815: $? = 0
configure:8815: result: yes
configure:8929: checking for connect
configure:8929: gcc -o conftest -g -O2   conftest.c  >&5
configure:8929: $? = 0
configure:8929: result: yes
configure:8987: checking for remove
configure:8987: gcc -o conftest -g -O2   conftest.c  >&5
configure:8987: $? = 0
configure:8987: result: yes
configure:9045: checking for shmat
configure:9045: gcc -o conftest -g -O2   conftest.c  >&5
configure:9045: $? = 0
configure:9045: result: yes
configure:9112: checking for IceConnectionNumber in -lICE
configure:9141: gcc -o conftest -g -O2   conftest.c -lICE   >&5
configure:9141: $? = 0
configure:9153: result: yes
configure:9761: checking for pkg-config
configure:9784: found /usr/bin/pkg-config
configure:9797: result: /usr/bin/pkg-config
configure:9822: checking pkg-config is at least version 0.9.0
configure:9825: result: yes
configure:9836: checking for crc32 in -lz
configure:9865: gcc -o conftest -g -O2   conftest.c -lz   >&5
configure:9865: $? = 0
configure:9877: result: yes
configure:9970: checking if zlib is usable
configure:9980: gcc -o conftest -g -O2    conftest.c  -lz >&5
configure:9980: $? = 0
configure:9983: result: yes
configure:10018: checking for png_access_version_number in -lpng
configure:10047: gcc -o conftest -g -O2   conftest.c -lpng   >&5
configure:10047: $? = 0
configure:10059: result: yes
configure:10152: checking if libpng is usable
configure:10161: gcc -o conftest -g -O2     conftest.c  -lpng -lz >&5
configure:10161: $? = 0
configure:10164: result: yes
configure:10206: checking if X is usable
configure:10217: gcc -o conftest -g -O2    conftest.c   -lSM -lICE  -lX11  >&5
configure:10217: $? = 0
configure:10220: result: yes
configure:10275: checking POSIX threads
configure:10284: gcc -o conftest -g -O2   conftest.c  -pthread >&5
configure:10284: $? = 0
configure:10287: result: yes
configure:10318: checking whether byte ordering is bigendian
configure:10334: gcc -c -g -O2  conftest.c >&5
conftest.c:55:16: error: unknown type name 'not'
   55 |                not a universal capable compiler
      |                ^~~
conftest.c:55:22: error: expected '=', ',', ';', 'asm' or '__attribute__' before 'universal'
   55 |                not a universal capable compiler
      |                      ^~~~~~~~~
conftest.c:55:22: error: unknown type name 'universal'
configure:10334: $? = 1
configure: failed program was:
| /* confdefs.h */
| #define PACKAGE_NAME "xroar"
| #define PACKAGE_TARNAME "xroar"
| #define PACKAGE_VERSION "1.10"
| #define PACKAGE_STRING "xroar 1.10"
| #define PACKAGE_BUGREPORT ""
| #define PACKAGE_URL ""
| #define PACKAGE "xroar"
| #define VERSION "1.10"
| #define HAVE_STDIO_H 1
| #define HAVE_STDLIB_H 1
| #define HAVE_STRING_H 1
| #define HAVE_INTTYPES_H 1
| #define HAVE_STDINT_H 1
| #define HAVE_STRINGS_H 1
| #define HAVE_SYS_STAT_H 1
| #define HAVE_SYS_TYPES_H 1
| #define HAVE_UNISTD_H 1
| #define STDC_HEADERS 1
| #define HAVE_ENDIAN_H 1
| #define HAVE_REGEX_H 1
| #define SIZEOF_FLOAT 4
| #define SIZEOF_DOUBLE 8
| #define HAVE_GETADDRINFO 1
| #define HAVE_POPEN 1
| #define HAVE_STRNLEN 1
| #define HAVE_STRSEP 1
| #define HAVE___BUILTIN_EXPECT 1
| #define HAVE___BUILTIN_PARITY 1
| #define HAVE_FUNC_ATTRIBUTE_CONST 1
| #define HAVE_FUNC_ATTRIBUTE_FORMAT 1
| #define HAVE_FUNC_ATTRIBUTE_MALLOC 1
| #define HAVE_FUNC_ATTRIBUTE_NONNULL 1
| #define HAVE_FUNC_ATTRIBUTE_NORETURN 1
| #define HAVE_FUNC_ATTRIBUTE_PURE 1
| #define HAVE_FUNC_ATTRIBUTE_RETURNS_NONNULL 1
| #define HAVE_VAR_ATTRIBUTE_PACKED 1
| #define WANT_MACHINE_ARCH_DRAGON 1
| #define WANT_MACHINE_ARCH_COCO3 1
| #define WANT_MACHINE_ARCH_MC10 1
| #define WANT_CART_ARCH_DRAGON 1
| #define WANT_CART_ARCH_MC10 1
| #define WANT_PART_MC6801 1
| #define WANT_PART_MC6809 1
| #define WANT_PART_MC6821 1
| #define WANT_PART_MC6847 1
| #define WANT_PART_MC6883 1
| #define WANT_PART_TCC1014 1
| #define HAVE_ZLIB 1
| #define HAVE_PNG 1
| #define HAVE_X11 1
| #define HAVE_PTHREADS 1
| /* end confdefs.h.  */
| #ifndef __APPLE_CC__
| 	       not a universal capable compiler
| 	     #endif
| 	     typedef int dummy;
| 
configure:10380: gcc -c -g -O2  conftest.c >&5
configure:10380: $? = 0
configure:10399: gcc -c -g -O2  conftest.c >&5
conftest.c: In function 'main':
conftest.c:61:18: error: unknown type name 'not'; did you mean 'ino_t'?
   61 |                  not big endian
      |                  ^~~
      |                  ino_t
conftest.c:61:26: error: expected '=', ',', ';', 'asm' or '__attribute__' before 'endian'
   61 |                  not big endian
      |                          ^~~~~~
configure:10399: $? = 1
configure: failed program was:
| /* confdefs.h */
| #define PACKAGE_NAME "xroar"
| #define PACKAGE_TARNAME "xroar"
| #define PACKAGE_VERSION "1.10"
| #define PACKAGE_STRING "xroar 1.10"
| #define PACKAGE_BUGREPORT ""
| #define PACKAGE_URL ""
| #define PACKAGE "xroar"
| #define VERSION "1.10"
| #define HAVE_STDIO_H 1
| #define HAVE_STDLIB_H 1
| #define HAVE_STRING_H 1
| #define HAVE_INTTYPES_H 1
| #define HAVE_STDINT_H 1
| #define HAVE_STRINGS_H 1
| #define HAVE_SYS_STAT_H 1
| #define HAVE_SYS_TYPES_H 1
| #define HAVE_UNISTD_H 1
| #define STDC_HEADERS 1
| #define HAVE_ENDIAN_H 1
| #define HAVE_REGEX_H 1
| #define SIZEOF_FLOAT 4
| #define SIZEOF_DOUBLE 8
| #define HAVE_GETADDRINFO 1
| #define HAVE_POPEN 1
| #define HAVE_STRNLEN 1
| #define HAVE_STRSEP 1
| #define HAVE___BUILTIN_EXPECT 1
| #define HAVE___BUILTIN_PARITY 1
| #define HAVE_FUNC_ATTRIBUTE_CONST 1
| #define HAVE_FUNC_ATTRIBUTE_FORMAT 1
| #define HAVE_FUNC_ATTRIBUTE_MALLOC 1
| #define HAVE_FUNC_ATTRIBUTE_NONNULL 1
| #define HAVE_FUNC_ATTRIBUTE_NORETURN 1
| #define HAVE_FUNC_ATTRIBUTE_PURE 1
| #define HAVE_FUNC_ATTRIBUTE_RETURNS_NONNULL 1
| #define HAVE_VAR_ATTRIBUTE_PACKED 1
| #define WANT_MACHINE_ARCH_DRAGON 1
| #define WANT_MACHINE_ARCH_COCO3 1
| #define WANT_MACHINE_ARCH_MC10 1
| #define WANT_CART_ARCH_DRAGON 1
| #define WANT_CART_ARCH_MC10 1
| #define WANT_PART_MC6801 1
| #define WANT_PART_MC6809 1
| #define WANT_PART_MC6821 1
| #define WANT_PART_MC6847 1
| #define WANT_PART_MC6883 1
| #define WANT_PART_TCC1014 1
| #define HAVE_ZLIB 1
| #define HAVE_PNG 1
| #define HAVE_X11 1
| #define HAVE_PTHREADS 1
| /* end confdefs.h.  */
| #include <sys/types.h>
| 		#include <sys/param.h>
| 
| int
| main (void)
| {
| #if BYTE_ORDER != BIG_ENDIAN
| 		 not big endian
| 		#endif
| 
|   ;
|   return 0;
| }
configure:10540: result: no
configure:10567: checking for alsa/asoundlib.h
configure:10567: gcc -c -g -O2 -D_POSIX_C_SOURCE=200112L  conftest.c >&5
configure:10567: $? = 0
configure:10567: result: yes
configure:10571: checking for snd_pcm_open in -lasound
configure:10600: gcc -o conftest -g -O2 -D_POSIX_C_SOURCE=200112L   conftest.c -lasound   >&5
configure:10600: $? = 0
configure:10612: result: yes
configure:10650: checking for sys/soundcard.h
configure:10650: gcc -c -g -O2  conftest.c >&5
configure:10650: $? = 0
configure:10650: result: yes
configure:10684: checking for libpulse-simple
configure:10691: $PKG_CONFIG --exists --print-errors "libpulse-simple"
configure:10694: $? = 0
configure:10708: $PKG_CONFIG --exists --print-errors "libpulse-simple"
configure:10711: $? = 0
configure:10749: result: yes
configure:10766: checking if PulseAudio is usable
configure:10775: gcc -o conftest -g -O2 -D_REENTRANT    conftest.c  -lpulse-simple -lpulse -pthread  >&5
configure:10775: $? = 0
configure:10778: result: yes
configure:10813: checking for CoreAudio/AudioHardware.h
configure:10813: gcc -c -g -O2  conftest.c >&5
conftest.c:85:10: fatal error: CoreAudio/AudioHardware.h: No such file or directory
   85 | #include <CoreAudio/AudioHardware.h>
      |          ^~~~~~~~~~~~~~~~~~~~~~~~~~~
compilation terminated.
configure:10813: $? = 1
configure: failed program was:
| /* confdefs.h */
| #define PACKAGE_NAME "xroar"
| #define PACKAGE_TARNAME "xroar"
| #define PACKAGE_VERSION "1.10"
| #define PACKAGE_STRING "xroar 1.10"
| #define PACKAGE_BUGREPORT ""
| #define PACKAGE_URL ""
| #define PACKAGE "xroar"
| #define VERSION "1.10"
| #define HAVE_STDIO_H 1
| #define HAVE_STDLIB_H 1
| #define HAVE_STRING_H 1
| #define HAVE_INTTYPES_H 1
| #define HAVE_STDINT_H 1
| #define HAVE_STRINGS_H 1
| #define HAVE_SYS_STAT_H 1
| #define HAVE_SYS_TYPES_H 1
| #define HAVE_UNISTD_H 1
| #define STDC_HEADERS 1
| #define HAVE_ENDIAN_H 1
| #define HAVE_REGEX_H 1
| #define SIZEOF_FLOAT 4
| #define SIZEOF_DOUBLE 8
| #define HAVE_GETADDRINFO 1
| #define HAVE_POPEN 1
| #define HAVE_STRNLEN 1
| #define HAVE_STRSEP 1
| #define HAVE___BUILTIN_EXPECT 1
| #define HAVE___BUILTIN_PARITY 1
| #define HAVE_FUNC_ATTRIBUTE_CONST 1
| #define HAVE_FUNC_ATTRIBUTE_FORMAT 1
| #define HAVE_FUNC_ATTRIBUTE_MALLOC 1
| #define HAVE_FUNC_ATTRIBUTE_NONNULL 1
| #define HAVE_FUNC_ATTRIBUTE_NORETURN 1
| #define HAVE_FUNC_ATTRIBUTE_PURE 1
| #define HAVE_FUNC_ATTRIBUTE_RETURNS_NONNULL 1
| #define HAVE_VAR_ATTRIBUTE_PACKED 1
| #define WANT_MACHINE_ARCH_DRAGON 1
| #define WANT_MACHINE_ARCH_COCO3 1
| #define WANT_MACHINE_ARCH_MC10 1
| #define WANT_CART_ARCH_DRAGON 1
| #define WANT_CART_ARCH_MC10 1
| #define WANT_PART_MC6801 1
| #define WANT_PART_MC6809 1
| #define WANT_PART_MC6821 1
| #define WANT_PART_MC6847 1
| #define WANT_PART_MC6883 1
| #define WANT_PART_TCC1014 1
| #define HAVE_ZLIB 1
| #define HAVE_PNG 1
| #define HAVE_X11 1
| #define HAVE_PTHREADS 1
| #define HAVE_ALSA_AUDIO 1
| #define HAVE_OSS_AUDIO 1
| #define HAVE_PULSE 1
| /* end confdefs.h.  */
| #include <stddef.h>
| #ifdef HAVE_STDIO_H
| # include <stdio.h>
| #endif
| #ifdef HAVE_STDLIB_H
| # include <stdlib.h>
| #endif
| #ifdef HAVE_STRING_H
| # include <string.h>
| #endif
| #ifdef HAVE_INTTYPES_H
| # include <inttypes.h>
| #endif
| #ifdef HAVE_STDINT_H
| # include <stdint.h>
| #endif
| #ifdef HAVE_STRINGS_H
| # include <strings.h>
| #endif
| #ifdef HAVE_SYS_TYPES_H
| # include <sys/types.h>
| #endif
| #ifdef HAVE_SYS_STAT_H
| # include <sys/stat.h>
| #endif
| #ifdef HAVE_UNISTD_H
| # include <unistd.h>
| #endif
| #include <CoreAudio/AudioHardware.h>
configure:10813: result: no
configure:10980: checking for gtk+-3.0
configure:10987: $PKG_CONFIG --exists --print-errors "gtk+-3.0"
configure:10990: $? = 0
configure:11004: $PKG_CONFIG --exists --print-errors "gtk+-3.0"
configure:11007: $? = 0
configure:11045: result: yes
configure:11062: checking if GTK+ 3 is usable
configure:11071: gcc -o conftest -g -O2 -I/usr/include/gtk-3.0 -I/usr/include/pango-1.0 -I/usr/include/glib-2.0 -I/usr/lib/x86_64-linux-gnu/glib-2.0/include -I/usr/include/harfbuzz -I/usr/include/freetype2 -I/usr/include/libpng16 -I/usr/include/libmount -I/usr/include/blkid -I/usr/include/fribidi -I/usr/include/cairo -I/usr/include/pixman-1 -I/usr/include/gdk-pixbuf-2.0 -I/usr/include/x86_64-linux-gnu -I/usr/include/webp -I/usr/include/gio-unix-2.0 -I/usr/include/atk-1.0 -I/usr/include/at-spi2-atk/2.0 -I/usr/include/at-spi-2.0 -I/usr/include/dbus-1.0 -I/usr/lib/x86_64-linux-gnu/dbus-1.0/include -pthread    conftest.c  -lgtk-3 -lgdk-3 -lz -lpangocairo-1.0 -lpango-1.0 -lharfbuzz -latk-1.0 -lcairo-gobject -lcairo -lgdk_pixbuf-2.0 -lgio-2.0 -lgobject-2.0 -lglib-2.0  >&5
configure:11071: $? = 0
configure:11074: result: yes
configure:11643: checking for pkg-config
configure:11679: result: /usr/bin/pkg-config
configure:11704: checking pkg-config is at least version 0.9.0
configure:11707: result: yes
configure:11717: checking for gl
configure:11724: $PKG_CONFIG --exists --print-errors "gl"
configure:11727: $? = 0
configure:11741: $PKG_CONFIG --exists --print-errors "gl"
configure:11744: $? = 0
configure:12020: result: yes
configure:12044: checking for GL/gl.h
configure:12044: gcc -c  -g -O2  conftest.c >&5
configure:12044: $? = 0
configure:12044: result: yes
configure:12072: checking for compiling a minimal OpenGL program
configure:12115: gcc -c  -g -O2  conftest.c >&5
configure:12115: $? = 0
configure:12142: result: yes
configure:12152: checking for linking a minimal OpenGL program
configure:12205: gcc -o conftest  -g -O2    conftest.c -lGL   >&5
configure:12205: $? = 0
configure:12241: result: yes
configure:12286: checking for libevdev
configure:12293: $PKG_CONFIG --exists --print-errors "libevdev"
Package libevdev was not found in the pkg-config search path.
Perhaps you should add the directory containing `libevdev.pc'
to the PKG_CONFIG_PATH environment variable
Package 'libevdev', required by 'virtual:world', not found
configure:12296: $? = 1
configure:12310: $PKG_CONFIG --exists --print-errors "libevdev"
Package libevdev was not found in the pkg-config search path.
Perhaps you should add the directory containing `libevdev.pc'
to the PKG_CONFIG_PATH environment variable
Package 'libevdev', required by 'virtual:world', not found
configure:12313: $? = 1
configure:12327: result: no
Package 'libevdev', required by 'virtual:world', not found
configure:12418: checking for linux/joystick.h
configure:12418: gcc -c -g -O2  conftest.c >&5
configure:12418: $? = 0
configure:12418: result: yes
configure:12494: checking for sdl2 >= 2.0.0
configure:12501: $PKG_CONFIG --exists --print-errors "sdl2 >= $min_sdl_version"
configure:12504: $? = 0
configure:12518: $PKG_CONFIG --exists --print-errors "sdl2 >= $min_sdl_version"
configure:12521: $? = 0
configure:12559: result: yes
configure:12835: checking if SDL2 is usable
configure:12845: gcc -o conftest -g -O2 -I/usr/include/SDL2 -D_REENTRANT    conftest.c  -lSDL2  >&5
configure:12845: $? = 0
configure:12848: result: yes
configure:12888: checking if SDL2_image is usable
configure:12898: gcc -o conftest -g -O2 -I/usr/include/SDL2 -D_REENTRANT    conftest.c  -lSDL2  -lSDL2_image >&5
conftest.c:64:10: fatal error: SDL_image.h: No such file or directory
   64 | #include <SDL_image.h>
      |          ^~~~~~~~~~~~~
compilation terminated.
configure:12898: $? = 1
configure: failed program was:
| /* confdefs.h */
| #define PACKAGE_NAME "xroar"
| #define PACKAGE_TARNAME "xroar"
| #define PACKAGE_VERSION "1.10"
| #define PACKAGE_STRING "xroar 1.10"
| #define PACKAGE_BUGREPORT ""
| #define PACKAGE_URL ""
| #define PACKAGE "xroar"
| #define VERSION "1.10"
| #define HAVE_STDIO_H 1
| #define HAVE_STDLIB_H 1
| #define HAVE_STRING_H 1
| #define HAVE_INTTYPES_H 1
| #define HAVE_STDINT_H 1
| #define HAVE_STRINGS_H 1
| #define HAVE_SYS_STAT_H 1
| #define HAVE_SYS_TYPES_H 1
| #define HAVE_UNISTD_H 1
| #define STDC_HEADERS 1
| #define HAVE_ENDIAN_H 1
| #define HAVE_REGEX_H 1
| #define SIZEOF_FLOAT 4
| #define SIZEOF_DOUBLE 8
| #define HAVE_GETADDRINFO 1
| #define HAVE_POPEN 1
| #define HAVE_STRNLEN 1
| #define HAVE_STRSEP 1
| #define HAVE___BUILTIN_EXPECT 1
| #define HAVE___BUILTIN_PARITY 1
| #define HAVE_FUNC_ATTRIBUTE_CONST 1
| #define HAVE_FUNC_ATTRIBUTE_FORMAT 1
| #define HAVE_FUNC_ATTRIBUTE_MALLOC 1
| #define HAVE_FUNC_ATTRIBUTE_NONNULL 1
| #define HAVE_FUNC_ATTRIBUTE_NORETURN 1
| #define HAVE_FUNC_ATTRIBUTE_PURE 1
| #define HAVE_FUNC_ATTRIBUTE_RETURNS_NONNULL 1
| #define HAVE_VAR_ATTRIBUTE_PACKED 1
| #define WANT_MACHINE_ARCH_DRAGON 1
| #define WANT_MACHINE_ARCH_COCO3 1
| #define WANT_MACHINE_ARCH_MC10 1
| #define WANT_CART_ARCH_DRAGON 1
| #define WANT_CART_ARCH_MC10 1
| #define WANT_PART_MC6801 1
| #define WANT_PART_MC6809 1
| #define WANT_PART_MC6821 1
| #define WANT_PART_MC6847 1
| #define WANT_PART_MC6883 1
| #define WANT_PART_TCC1014 1
| #define HAVE_ZLIB 1
| #define HAVE_PNG 1
| #define HAVE_X11 1
| #define HAVE_PTHREADS 1
| #define HAVE_ALSA_AUDIO 1
| #define HAVE_OSS_AUDIO 1
| #define HAVE_PULSE 1
| #define HAVE_GTK3 1
| #define HAVE_GL_GL_H 1
| #define HAVE_GL 1
| #define HAVE_JOYDEV 1
| #define HAVE_SDL2 1
| /* end confdefs.h.  */
| 
| #include <SDL.h>
| #include <SDL_image.h>
| int main(int argc, char **argv) { (void)argc; (void)argv; IMG_Load(""); return 0; }
| 
configure:12906: result: no
configure:13005: checking for sndfile
configure:13012: $PKG_CONFIG --exists --print-errors "sndfile"
Package sndfile was not found in the pkg-config search path.
Perhaps you should add the directory containing `sndfile.pc'
to the PKG_CONFIG_PATH environment variable
Package 'sndfile', required by 'virtual:world', not found
configure:13015: $? = 1
configure:13029: $PKG_CONFIG --exists --print-errors "sndfile"
Package sndfile was not found in the pkg-config search path.
Perhaps you should add the directory containing `sndfile.pc'
to the PKG_CONFIG_PATH environment variable
Package 'sndfile', required by 'virtual:world', not found
configure:13032: $? = 1
configure:13046: result: no
Package 'sndfile', required by 'virtual:world', not found
configure:13499: checking that generated files are newer than configure
configure:13505: result: done
configure:13735: creating ./config.status

## ---------------------- ##
## Running config.status. ##
## ---------------------- ##

This file was extended by xroar config.status 1.10, which was
generated by GNU Autoconf 2.72.  Invocation command line was

  CONFIG_FILES    = 
  CONFIG_HEADERS  = 
  CONFIG_LINKS    = 
  CONFIG_COMMANDS = 
  $ ./config.status 

on pop-os

config.status:1077: creating Makefile
config.status:1077: creating portalib/Makefile
config.status:1077: creating src/Makefile
config.status:1077: creating doc/xroar.1
config.status:1077: creating doc/Makefile
config.status:1077: creating tools/Makefile
config.status:1077: creating config.h
config.status:1306: executing depfiles commands
config.status:1383: cd portalib       && sed -e '/# am--include-marker/d' Makefile         | make -f - am--depfiles
make: Nothing to be done for 'am--depfiles'.
config.status:1388: $? = 0
config.status:1383: cd src       && sed -e '/# am--include-marker/d' Makefile         | make -f - am--depfiles
make: Nothing to be done for 'am--depfiles'.
config.status:1388: $? = 0
config.status:1383: cd tools       && sed -e '/# am--include-marker/d' Makefile         | make -f - am--depfiles
make: Nothing to be done for 'am--depfiles'.
config.status:1388: $? = 0

## ---------------- ##
## Cache variables. ##
## ---------------- ##

ac_cv_build=x86_64-pc-linux-gnu
ac_cv_c_bigendian=no
ac_cv_c_compiler_gnu=yes
ac_cv_c_int16_t=yes
ac_cv_c_int32_t=yes
ac_cv_c_int64_t=yes
ac_cv_c_int8_t=yes
ac_cv_c_uint16_t=yes
ac_cv_c_uint32_t=yes
ac_cv_c_uint8_t=yes
ac_cv_env_CC_set=
ac_cv_env_CC_value=
ac_cv_env_CFLAGS_set=
ac_cv_env_CFLAGS_value=
ac_cv_env_CPPFLAGS_set=
ac_cv_env_CPPFLAGS_value=
ac_cv_env_CPP_set=
ac_cv_env_CPP_value=
ac_cv_env_EVDEV_CFLAGS_set=
ac_cv_env_EVDEV_CFLAGS_value=
ac_cv_env_EVDEV_LIBS_set=
ac_cv_env_EVDEV_LIBS_value=
ac_cv_env_GL_CFLAGS_set=
ac_cv_env_GL_CFLAGS_value=
ac_cv_env_GL_LIBS_set=
ac_cv_env_GL_LIBS_value=
ac_cv_env_GTK2_CFLAGS_set=
ac_cv_env_GTK2_CFLAGS_value=
ac_cv_env_GTK2_LIBS_set=
ac_cv_env_GTK2_LIBS_value=
ac_cv_env_GTK3_CFLAGS_set=
ac_cv_env_GTK3_CFLAGS_value=
ac_cv_env_GTK3_LIBS_set=
ac_cv_env_GTK3_LIBS_value=
ac_cv_env_GTKGL_CFLAGS_set=
ac_cv_env_GTKGL_CFLAGS_value=
ac_cv_env_GTKGL_LIBS_set=
ac_cv_env_GTKGL_LIBS_value=
ac_cv_env_JACK_CFLAGS_set=
ac_cv_env_JACK_CFLAGS_value=
ac_cv_env_JACK_LIBS_set=
ac_cv_env_JACK_LIBS_value=
ac_cv_env_LDFLAGS_set=
ac_cv_env_LDFLAGS_value=
ac_cv_env_LIBS_set=
ac_cv_env_LIBS_value=
ac_cv_env_OBJCFLAGS_set=
ac_cv_env_OBJCFLAGS_value=
ac_cv_env_OBJC_set=
ac_cv_env_OBJC_value=
ac_cv_env_PKG_CONFIG_LIBDIR_set=
ac_cv_env_PKG_CONFIG_LIBDIR_value=
ac_cv_env_PKG_CONFIG_PATH_set=
ac_cv_env_PKG_CONFIG_PATH_value=
ac_cv_env_PKG_CONFIG_set=
ac_cv_env_PKG_CONFIG_value=
ac_cv_env_PNG_CFLAGS_set=
ac_cv_env_PNG_CFLAGS_value=
ac_cv_env_PNG_LIBS_set=
ac_cv_env_PNG_LIBS_value=
ac_cv_env_PULSE_CFLAGS_set=
ac_cv_env_PULSE_CFLAGS_value=
ac_cv_env_PULSE_LIBS_set=
ac_cv_env_PULSE_LIBS_value=
ac_cv_env_SDL2_FRAMEWORK_set=
ac_cv_env_SDL2_FRAMEWORK_value=
ac_cv_env_SDL_CFLAGS_set=
ac_cv_env_SDL_CFLAGS_value=
ac_cv_env_SDL_LIBS_set=
ac_cv_env_SDL_LIBS_value=
ac_cv_env_SNDFILE_CFLAGS_set=
ac_cv_env_SNDFILE_CFLAGS_value=
ac_cv_env_SNDFILE_LIBS_set=
ac_cv_env_SNDFILE_LIBS_value=
ac_cv_env_XMKMF_set=
ac_cv_env_XMKMF_value=
ac_cv_env_ZLIB_CFLAGS_set=
ac_cv_env_ZLIB_CFLAGS_value=
ac_cv_env_ZLIB_LIBS_set=
ac_cv_env_ZLIB_LIBS_value=
ac_cv_env_build_alias_set=
ac_cv_env_build_alias_value=
ac_cv_env_host_alias_set=
ac_cv_env_host_alias_value=
ac_cv_env_target_alias_set=
ac_cv_env_target_alias_value=
ac_cv_func_connect=yes
ac_cv_func_getaddrinfo=yes
ac_cv_func_gethostbyname=yes
ac_cv_func_popen=yes
ac_cv_func_remove=yes
ac_cv_func_shmat=yes
ac_cv_func_strnlen=yes
ac_cv_func_strsep=yes
ac_cv_have_x='have_x=yes	ac_x_includes='\'''\''	ac_x_libraries='\'''\'''
ac_cv_header_CoreAudio_AudioHardware_h=no
ac_cv_header_GL_gl_h=yes
ac_cv_header_alsa_asoundlib_h=yes
ac_cv_header_endian_h=yes
ac_cv_header_inttypes_h=yes
ac_cv_header_linux_joystick_h=yes
ac_cv_header_regex_h=yes
ac_cv_header_stdint_h=yes
ac_cv_header_stdio_h=yes
ac_cv_header_stdlib_h=yes
ac_cv_header_string_h=yes
ac_cv_header_strings_h=yes
ac_cv_header_sys_soundcard_h=yes
ac_cv_header_sys_stat_h=yes
ac_cv_header_sys_types_h=yes
ac_cv_header_unistd_h=yes
ac_cv_host=x86_64-pc-linux-gnu
ac_cv_lib_ICE_IceConnectionNumber=yes
ac_cv_lib_asound_snd_pcm_open=yes
ac_cv_lib_png_png_access_version_number=yes
ac_cv_lib_z_crc32=yes
ac_cv_objc_compiler_gnu=no
ac_cv_objext=o
ac_cv_path_BUILD_PKG_CONFIG=/usr/bin/pkg-config
ac_cv_path_ac_pt_PKG_CONFIG=/usr/bin/pkg-config
ac_cv_path_install='/usr/bin/install -c'
ac_cv_path_mkdir=/usr/bin/mkdir
ac_cv_prog_AWK=mawk
ac_cv_prog_CPP='gcc -E'
ac_cv_prog_ac_ct_AR=ar
ac_cv_prog_ac_ct_CC=gcc
ac_cv_prog_ac_ct_OBJC=gcc
ac_cv_prog_ac_ct_RANLIB=ranlib
ac_cv_prog_cc_c11=
ac_cv_prog_cc_g=yes
ac_cv_prog_cc_stdc=
ac_cv_prog_make_make_set=yes
ac_cv_prog_objc_g=no
ac_cv_sizeof_double=8
ac_cv_sizeof_float=4
ac_cv_sys_largefile_opts='none needed'
ac_cv_type_off_t=yes
ac_cv_type_size_t=yes
ac_cv_type_ssize_t=yes
am_cv_CC_dependencies_compiler_type=gcc3
am_cv_OBJC_dependencies_compiler_type=gcc3
am_cv_ar_interface=ar
am_cv_filesystem_timestamp_resolution=0.01
am_cv_make_support_nested_variables=yes
am_cv_prog_cc_c_o=yes
am_cv_sleep_fractional_seconds=yes
am_cv_xargs_n_works=yes
ax_cv_check_gl_compile_opengl=yes
ax_cv_check_gl_link_opengl=yes
ax_cv_have___builtin_expect=yes
ax_cv_have___builtin_parity=yes
ax_cv_have_func_attribute_const=yes
ax_cv_have_func_attribute_format=yes
ax_cv_have_func_attribute_malloc=yes
ax_cv_have_func_attribute_nonnull=yes
ax_cv_have_func_attribute_noreturn=yes
ax_cv_have_func_attribute_pure=yes
ax_cv_have_func_attribute_returns_nonnull=yes
ax_cv_have_var_attribute_packed=yes
pkg_cv_GL_CFLAGS=
pkg_cv_GL_LIBS='-lGL '
pkg_cv_GTK3_CFLAGS='-I/usr/include/gtk-3.0 -I/usr/include/pango-1.0 -I/usr/include/glib-2.0 -I/usr/lib/x86_64-linux-gnu/glib-2.0/include -I/usr/include/harfbuzz -I/usr/include/freetype2 -I/usr/include/libpng16 -I/usr/include/libmount -I/usr/include/blkid -I/usr/include/fribidi -I/usr/include/cairo -I/usr/include/pixman-1 -I/usr/include/gdk-pixbuf-2.0 -I/usr/include/x86_64-linux-gnu -I/usr/include/webp -I/usr/include/gio-unix-2.0 -I/usr/include/atk-1.0 -I/usr/include/at-spi2-atk/2.0 -I/usr/include/at-spi-2.0 -I/usr/include/dbus-1.0 -I/usr/lib/x86_64-linux-gnu/dbus-1.0/include -pthread '
pkg_cv_GTK3_LIBS='-lgtk-3 -lgdk-3 -lz -lpangocairo-1.0 -lpango-1.0 -lharfbuzz -latk-1.0 -lcairo-gobject -lcairo -lgdk_pixbuf-2.0 -lgio-2.0 -lgobject-2.0 -lglib-2.0 '
pkg_cv_PULSE_CFLAGS='-D_REENTRANT '
pkg_cv_PULSE_LIBS='-lpulse-simple -lpulse -pthread '
pkg_cv_SDL_CFLAGS='-I/usr/include/SDL2 -D_REENTRANT '
pkg_cv_SDL_LIBS='-lSDL2 '

## ----------------- ##
## Output variables. ##
## ----------------- ##

ACLOCAL='${SHELL} '\''/home/tazrog/Downloads/xroar-1.10/missing'\'' aclocal-1.17'
ALSA_LIBS='-lasound'
AMDEPBACKSLASH='\'
AMDEP_FALSE='#'
AMDEP_TRUE=''
AMTAR='$${TAR-tar}'
AM_BACKSLASH='\'
AM_DEFAULT_V='$(AM_DEFAULT_VERBOSITY)'
AM_DEFAULT_VERBOSITY='0'
AM_V='$(V)'
AO_ALSA_FALSE='#'
AO_ALSA_TRUE=''
AO_COREAUDIO_FALSE=''
AO_COREAUDIO_TRUE='#'
AO_JACK_FALSE=''
AO_JACK_TRUE='#'
AO_NULL_FALSE='#'
AO_NULL_TRUE=''
AO_OSS_FALSE='#'
AO_OSS_TRUE=''
AO_PULSE_FALSE='#'
AO_PULSE_TRUE=''
AR='ar'
AUTOCONF='${SHELL} '\''/home/tazrog/Downloads/xroar-1.10/missing'\'' autoconf'
AUTOHEADER='${SHELL} '\''/home/tazrog/Downloads/xroar-1.10/missing'\'' autoheader'
AUTOMAKE='${SHELL} '\''/home/tazrog/Downloads/xroar-1.10/missing'\'' automake-1.17'
AWK='mawk'
BECKER_FALSE='#'
BECKER_TRUE=''
BUILD_PKG_CONFIG='/usr/bin/pkg-config'
CART_ARCH_DRAGON_FALSE='#'
CART_ARCH_DRAGON_TRUE=''
CART_ARCH_MC10_FALSE='#'
CART_ARCH_MC10_TRUE=''
CC='gcc'
CCDEPMODE='depmode=gcc3'
CFLAGS='-g -O2'
COCOA_CFLAGS=''
COCOA_LIBS=''
COREAUDIO_LIBS=''
CPP='gcc -E'
CPPFLAGS=''
CSCOPE='cscope'
CTAGS='ctags'
CYGPATH_W='echo'
DEFS='-DHAVE_CONFIG_H'
DEPDIR='.deps'
ECHO_C=''
ECHO_N='-n'
ECHO_T=''
ENABLE_SNAPSHOT_FALSE=''
ENABLE_SNAPSHOT_TRUE='#'
ETAGS='etags'
EVDEV_CFLAGS=''
EVDEV_FALSE=''
EVDEV_LIBS=''
EVDEV_TRUE='#'
EXEEXT=''
EXPERIMENTAL_FALSE=''
EXPERIMENTAL_TRUE='#'
FILEREQ_CLI_FALSE=''
FILEREQ_CLI_TRUE='#'
GDB_FALSE='#'
GDB_TRUE=''
GLIB_COMPILE_RESOURCES='/usr/bin/glib-compile-resources'
GLIB_COMPILE_RESOURCES_FALSE='#'
GLIB_COMPILE_RESOURCES_TRUE=''
GL_CFLAGS=''
GL_LIBS='-lGL '
GTK2_CFLAGS=''
GTK2_FALSE=''
GTK2_LIBS=''
GTK2_TRUE='#'
GTK3_CFLAGS='-I/usr/include/gtk-3.0 -I/usr/include/pango-1.0 -I/usr/include/glib-2.0 -I/usr/lib/x86_64-linux-gnu/glib-2.0/include -I/usr/include/harfbuzz -I/usr/include/freetype2 -I/usr/include/libpng16 -I/usr/include/libmount -I/usr/include/blkid -I/usr/include/fribidi -I/usr/include/cairo -I/usr/include/pixman-1 -I/usr/include/gdk-pixbuf-2.0 -I/usr/include/x86_64-linux-gnu -I/usr/include/webp -I/usr/include/gio-unix-2.0 -I/usr/include/atk-1.0 -I/usr/include/at-spi2-atk/2.0 -I/usr/include/at-spi-2.0 -I/usr/include/dbus-1.0 -I/usr/lib/x86_64-linux-gnu/dbus-1.0/include -pthread '
GTK3_FALSE='#'
GTK3_LIBS='-lgtk-3 -lgdk-3 -lz -lpangocairo-1.0 -lpango-1.0 -lharfbuzz -latk-1.0 -lcairo-gobject -lcairo -lgdk_pixbuf-2.0 -lgio-2.0 -lgobject-2.0 -lglib-2.0 '
GTK3_TRUE=''
GTKGL_CFLAGS=''
GTKGL_FALSE=''
GTKGL_LIBS=''
GTKGL_TRUE='#'
INSTALL_DATA='${INSTALL} -m 644'
INSTALL_PROGRAM='${INSTALL}'
INSTALL_SCRIPT='${INSTALL}'
INSTALL_STRIP_PROGRAM='$(install_sh) -c -s'
JACK_CFLAGS=''
JACK_LIBS=''
JOYDEV_FALSE='#'
JOYDEV_TRUE=''
LDFLAGS=''
LIBOBJS=''
LIBS=''
LOGGING_FALSE='#'
LOGGING_TRUE=''
LTLIBOBJS=''
MACHINE_ARCH_COCO3_FALSE='#'
MACHINE_ARCH_COCO3_TRUE=''
MACHINE_ARCH_DRAGON_FALSE='#'
MACHINE_ARCH_DRAGON_TRUE=''
MACHINE_ARCH_MC10_FALSE='#'
MACHINE_ARCH_MC10_TRUE=''
MAKEINFO='${SHELL} '\''/home/tazrog/Downloads/xroar-1.10/missing'\'' makeinfo'
MANPAGE_DATE='January 2025'
MINGW_CFLAGS=''
MINGW_FALSE=''
MINGW_LIBS=''
MINGW_TRUE='#'
MKDIR_P='/usr/bin/mkdir -p'
OBJC='gcc'
OBJCDEPMODE='depmode=gcc3'
OBJCFLAGS='-g -O2'
OBJEXT='o'
OPENGL_FALSE='#'
OPENGL_TRUE=''
OSS_LIBS=''
PACKAGE='xroar'
PACKAGE_BUGREPORT=''
PACKAGE_NAME='xroar'
PACKAGE_STRING='xroar 1.10'
PACKAGE_TARNAME='xroar'
PACKAGE_TEXT='XRoar 1.10'
PACKAGE_URL=''
PACKAGE_VERSION='1.10'
PACKAGE_YEAR='2026'
PART_MC6801_FALSE='#'
PART_MC6801_TRUE=''
PART_MC6809_FALSE='#'
PART_MC6809_TRUE=''
PART_MC6821_FALSE='#'
PART_MC6821_TRUE=''
PART_MC6847_FALSE='#'
PART_MC6847_TRUE=''
PART_MC6883_FALSE='#'
PART_MC6883_TRUE=''
PART_TCC1014_FALSE='#'
PART_TCC1014_TRUE=''
PATH_SEPARATOR=':'
PKG_CONFIG='/usr/bin/pkg-config'
PKG_CONFIG_LIBDIR=''
PKG_CONFIG_PATH=''
PNG_CFLAGS=''
PNG_FALSE='#'
PNG_LIBS='-lpng'
PNG_TRUE=''
PTHREADS_FALSE='#'
PTHREADS_LIBS='-pthread'
PTHREADS_TRUE=''
PULSE_CFLAGS='-D_REENTRANT '
PULSE_LIBS='-lpulse-simple -lpulse -pthread '
RANLIB='ranlib'
RC=':'
RC_REV_MAJOR='0'
RC_REV_MINOR='0'
RC_VERSION='1.10.0.0'
RC_VER_MAJOR='1'
RC_VER_MINOR='10'
SCREENSHOT_FALSE='#'
SCREENSHOT_TRUE=''
SDL2_CONFIG='/usr/bin/pkg-config sdl2'
SDL2_FRAMEWORK=''
SDL2_IMAGE_FALSE=''
SDL2_IMAGE_LIBS='-lSDL2_image'
SDL2_IMAGE_TRUE='#'
SDL_CFLAGS='-I/usr/include/SDL2 -D_REENTRANT '
SDL_LIBS='-lSDL2 '
SET_MAKE=''
SHELL='/bin/bash'
SNDFILE_CFLAGS=''
SNDFILE_FALSE=''
SNDFILE_LIBS=''
SNDFILE_TRUE='#'
STRIP=''
TRACE_FALSE='#'
TRACE_TRUE=''
TRAPS_FALSE='#'
TRAPS_TRUE=''
TRE_FALSE=''
TRE_LIBS=''
TRE_TRUE='#'
UI_COCOA_FALSE=''
UI_COCOA_TRUE='#'
UI_SDL2_FALSE='#'
UI_SDL2_TRUE=''
VERSION='1.10'
WANT_UI_SDL_FALSE='#'
WANT_UI_SDL_TRUE=''
WASM_CFLAGS=''
WASM_FALSE=''
WASM_LIBS=''
WASM_TRUE='#'
X11_CFLAGS=''
X11_FALSE='#'
X11_LIBS=' -lSM -lICE  -lX11 '
X11_TRUE=''
XMKMF=''
X_CFLAGS=''
X_EXTRA_LIBS=''
X_LIBS=''
X_PRE_LIBS=' -lSM -lICE'
ZLIB_CFLAGS=''
ZLIB_FALSE='#'
ZLIB_LIBS='-lz'
ZLIB_TRUE=''
ac_ct_AR='ar'
ac_ct_CC='gcc'
ac_ct_OBJC='gcc'
am__EXEEXT_FALSE=''
am__EXEEXT_TRUE='#'
am__fastdepCC_FALSE='#'
am__fastdepCC_TRUE=''
am__fastdepOBJC_FALSE='#'
am__fastdepOBJC_TRUE=''
am__include='include'
am__isrc=''
am__leading_dot='.'
am__nodep='_no'
am__quote=''
am__rm_f_notfound=''
am__tar='$${TAR-tar} chof - "$$tardir"'
am__untar='$${TAR-tar} xf -'
am__xargs_n='xargs -n'
bindir='${exec_prefix}/bin'
build='x86_64-pc-linux-gnu'
build_alias=''
build_cpu='x86_64'
build_os='linux-gnu'
build_vendor='pc'
datadir='${datarootdir}'
datarootdir='${prefix}/share'
docdir='${datarootdir}/doc/${PACKAGE_TARNAME}'
dvidir='${docdir}'
exec_prefix='${prefix}'
host='x86_64-pc-linux-gnu'
host_alias=''
host_cpu='x86_64'
host_os='linux-gnu'
host_vendor='pc'
htmldir='${docdir}'
includedir='${prefix}/include'
infodir='${datarootdir}/info'
install_sh='${SHELL} /home/tazrog/Downloads/xroar-1.10/install-sh'
libdir='${exec_prefix}/lib'
libexecdir='${exec_prefix}/libexec'
localedir='${datarootdir}/locale'
localstatedir='${prefix}/var'
mandir='${datarootdir}/man'
mkdir_p='$(MKDIR_P)'
oldincludedir='/usr/include'
pdfdir='${docdir}'
prefix='/usr/local'
program_transform_name='s,x,x,'
psdir='${docdir}'
runstatedir='${localstatedir}/run'
sbindir='${exec_prefix}/sbin'
sharedstatedir='${prefix}/com'
sysconfdir='${prefix}/etc'
target_alias=''

## ----------- ##
## confdefs.h. ##
## ----------- ##

/* confdefs.h */
#define PACKAGE_NAME "xroar"
#define PACKAGE_TARNAME "xroar"
#define PACKAGE_VERSION "1.10"
#define PACKAGE_STRING "xroar 1.10"
#define PACKAGE_BUGREPORT ""
#define PACKAGE_URL ""
#define PACKAGE "xroar"
#define VERSION "1.10"
#define HAVE_STDIO_H 1
#define HAVE_STDLIB_H 1
#define HAVE_STRING_H 1
#define HAVE_INTTYPES_H 1
#define HAVE_STDINT_H 1
#define HAVE_STRINGS_H 1
#define HAVE_SYS_STAT_H 1
#define HAVE_SYS_TYPES_H 1
#define HAVE_UNISTD_H 1
#define STDC_HEADERS 1
#define HAVE_ENDIAN_H 1
#define HAVE_REGEX_H 1
#define SIZEOF_FLOAT 4
#define SIZEOF_DOUBLE 8
#define HAVE_GETADDRINFO 1
#define HAVE_POPEN 1
#define HAVE_STRNLEN 1
#define HAVE_STRSEP 1
#define HAVE___BUILTIN_EXPECT 1
#define HAVE___BUILTIN_PARITY 1
#define HAVE_FUNC_ATTRIBUTE_CONST 1
#define HAVE_FUNC_ATTRIBUTE_FORMAT 1
#define HAVE_FUNC_ATTRIBUTE_MALLOC 1
#define HAVE_FUNC_ATTRIBUTE_NONNULL 1
#define HAVE_FUNC_ATTRIBUTE_NORETURN 1
#define HAVE_FUNC_ATTRIBUTE_PURE 1
#define HAVE_FUNC_ATTRIBUTE_RETURNS_NONNULL 1
#define HAVE_VAR_ATTRIBUTE_PACKED 1
#define WANT_MACHINE_ARCH_DRAGON 1
#define WANT_MACHINE_ARCH_COCO3 1
#define WANT_MACHINE_ARCH_MC10 1
#define WANT_CART_ARCH_DRAGON 1
#define WANT_CART_ARCH_MC10 1
#define WANT_PART_MC6801 1
#define WANT_PART_MC6809 1
#define WANT_PART_MC6821 1
#define WANT_PART_MC6847 1
#define WANT_PART_MC6883 1
#define WANT_PART_TCC1014 1
#define HAVE_ZLIB 1
#define HAVE_PNG 1
#define HAVE_X11 1
#define HAVE_PTHREADS 1
#define HAVE_ALSA_AUDIO 1
#define HAVE_OSS_AUDIO 1
#define HAVE_PULSE 1
#define HAVE_GTK3 1
#define HAVE_GL_GL_H 1
#define HAVE_GL 1
#define HAVE_JOYDEV 1
#define HAVE_SDL2 1
#define WANT_BECKER 1
#define WANT_TRAPS 1
#define WANT_GDB_TARGET 1
#define WANT_UI_SDL 1
#define SCREENSHOT 1
#define HAVE_NULL_AUDIO 1
#define LOGGING 1
#define TRACE 1
#define PACKAGE_TEXT "XRoar 1.10"
#define PACKAGE_YEAR "2026"
#define RC_REV_MAJOR 0
#define RC_REV_MINOR 0

configure: exit 0
